<?xml version="1.0" encoding="UTF-8"?>
<!-- Generated by org.testng.reporters.JUnitReportReporter -->
<testsuite skipped="0" hostname="IND-L-HiKumar" name="com.qa.test.Login.LoginTest" tests="1" failures="0" timestamp="2021-01-26T22:32:28 IST" time="4.827" errors="0">
  <testcase name="doTestLogin" time="4.827" classname="com.qa.test.Login.LoginTest"/>
  <system-out/>
</testsuite> <!-- com.qa.test.Login.LoginTest -->
